<?xml version="1.0" encoding="UTF-8"?>
<!-- Generated by org.testng.reporters.JUnitXMLReporter -->
<testsuite ignored="2" hostname="EXIPC0245" failures="0" tests="1" name="Default test" time="0.082" errors="0" timestamp="2023-05-26T13:00:44 IST">
  <testcase classname="com.qa.BaseTest" name="@BeforeTest beforeTest" time="-1.685086244247E9">
    <failure type="org.testng.TestNGException" message="
Parameter &amp;apos;platformName&amp;apos; is required by BeforeTest on method beforeTest but has not been marked @Optional or defined
in C:\Users\shkumar\AppData\Local\Temp\testng-eclipse--286701179\testng-customsuite.xml">
      <![CDATA[org.testng.TestNGException: 
Parameter 'platformName' is required by BeforeTest on method beforeTest but has not been marked @Optional or defined
in C:\Users\shkumar\AppData\Local\Temp\testng-eclipse--286701179\testng-customsuite.xml
at org.testng.internal.Parameters.createParams(Parameters.java:270)
at org.testng.internal.Parameters.createParametersForMethod(Parameters.java:358)
at org.testng.internal.Parameters.createParameters(Parameters.java:700)
at org.testng.internal.Parameters.createConfigurationParameters(Parameters.java:168)
at org.testng.internal.ConfigInvoker.invokeConfigurations(ConfigInvoker.java:302)
at org.testng.TestRunner.invokeTestConfigurations(TestRunner.java:637)
at org.testng.TestRunner.beforeRun(TestRunner.java:627)
at org.testng.TestRunner.run(TestRunner.java:589)
at org.testng.SuiteRunner.runTest(SuiteRunner.java:377)
at org.testng.SuiteRunner.runSequentially(SuiteRunner.java:371)
at org.testng.SuiteRunner.privateRun(SuiteRunner.java:332)
at org.testng.SuiteRunner.run(SuiteRunner.java:276)
at org.testng.SuiteRunnerWorker.runSuite(SuiteRunnerWorker.java:53)
at org.testng.SuiteRunnerWorker.run(SuiteRunnerWorker.java:96)
at org.testng.TestNG.runSuitesSequentially(TestNG.java:1212)
at org.testng.TestNG.runSuitesLocally(TestNG.java:1134)
at org.testng.TestNG.runSuites(TestNG.java:1063)
at org.testng.TestNG.run(TestNG.java:1031)
at org.testng.remote.AbstractRemoteTestNG.run(AbstractRemoteTestNG.java:115)
at org.testng.remote.RemoteTestNG.initAndRun(RemoteTestNG.java:251)
at org.testng.remote.RemoteTestNG.main(RemoteTestNG.java:77)
]]>
    </failure>
  </testcase> <!-- @BeforeTest beforeTest -->
  <testcase classname="com.qa.test.LoginTests" name="@BeforeClass beforeClass" time="-1.685086244284E9">
    <skipped/>
  </testcase> <!-- @BeforeClass beforeClass -->
  <testcase classname="com.qa.test.LoginTests" name="@BeforeMethod beforeMethod" time="-1.685086244302E9">
    <skipped/>
  </testcase> <!-- @BeforeMethod beforeMethod -->
  <testcase classname="com.qa.test.LoginTests" name="@AfterMethod afterMethod" time="-1.685086244313E9">
    <skipped/>
  </testcase> <!-- @AfterMethod afterMethod -->
  <testcase classname="com.qa.test.LoginTests" name="@AfterClass afterClass" time="-1.685086244316E9">
    <skipped/>
  </testcase> <!-- @AfterClass afterClass -->
  <testcase classname="com.qa.BaseTest" name="@AfterTest afterTest" time="-1.685086244321E9">
    <skipped/>
  </testcase> <!-- @AfterTest afterTest -->
  <testcase classname="com.qa.test.LoginTests" name="invalidUserName" time="0.0">
    <skipped/>
  </testcase> <!-- invalidUserName -->
  <testcase classname="com.qa.test.LoginTests" name="invalidPassword" time="0.0">
    <ignored/>
  </testcase> <!-- invalidPassword -->
  <testcase classname="com.qa.test.LoginTests" name="successfulLogin" time="0.0">
    <ignored/>
  </testcase> <!-- successfulLogin -->
</testsuite> <!-- Default test -->
